<?xml version="1.0" encoding="UTF-8"?>
<testsuite name="com.apirestassured.api.teste.UsuarioTest" tests="2" skipped="0" failures="0" errors="0" timestamp="2023-05-29T02:40:43" hostname="carolina" time="0.654">
  <properties/>
  <testcase name="deveCriarUmUsuario" classname="com.apirestassured.api.teste.UsuarioTest" time="0.522"/>
  <testcase name="deveTestarListaDeTodosUsuarios" classname="com.apirestassured.api.teste.UsuarioTest" time="0.132"/>
  <system-out><![CDATA[]]></system-out>
  <system-err><![CDATA[]]></system-err>
</testsuite>
