<?xml version="1.0" encoding="UTF-8"?>
<testsuite name="com.apirestassured.api.teste.RegisterTest" tests="1" skipped="0" failures="0" errors="0" timestamp="2023-05-29T02:40:41" hostname="carolina" time="1.617">
  <properties/>
  <testcase name="naodeveRealizarUmRegistroSemPass" classname="com.apirestassured.api.teste.RegisterTest" time="1.617"/>
  <system-out><![CDATA[]]></system-out>
  <system-err><![CDATA[]]></system-err>
</testsuite>
